[1203/095839.942:ERROR:os_crypt_win.cc(93)] Failed to decrypt: Key not valid for use in specified state. (0x8009000B)
[1203/095841.299:WARNING:value_store_frontend.cc(45)] Reading mhjfbmdgcfjbbpaeojofohoefgiehjai.alarms from  failed: IO error: .../MANIFEST-000001: Unable to create sequential file (ChromeMethodBFE: 7::NewSequentialFile::1)
[1203/095921.933:WARNING:angle_platform_impl.cc(48)] HLSLCompiler.cpp:257 (compileToBinary): 
C:\fakepath(102,1-6): warning X4000: use of potentially uninitialized variable (dyn_index_vec4_float4)

[1203/095922.026:WARNING:angle_platform_impl.cc(48)] HLSLCompiler.cpp:257 (compileToBinary): 
C:\fakepath(135,1): warning X4000: use of potentially uninitialized variable (f_i)
C:\fakepath(137,1): warning X4000: use of potentially uninitialized variable (f_i)
C:\fakepath(173,1): warning X4000: use of potentially uninitialized variable (f_u)

[1203/095923.004:WARNING:angle_platform_impl.cc(48)] HLSLCompiler.cpp:257 (compileToBinary): 
C:\fakepath(165,1): warning X4000: use of potentially uninitialized variable (f_renderMipMapLevel)

[1203/095923.141:WARNING:angle_platform_impl.cc(48)] HLSLCompiler.cpp:257 (compileToBinary): 
C:\fakepath(381,10-38): warning X4008: floating point division by zero
C:\fakepath(381,10-38): warning X4008: floating point division by zero

[1203/095928.502:WARNING:angle_platform_impl.cc(48)] HLSLCompiler.cpp:257 (compileToBinary): 
C:\fakepath(165,1): warning X4000: use of potentially uninitialized variable (f_renderMipMapLevel)

[1203/100040.153:ERROR:gpu_init.cc(426)] Passthrough is not supported, GL is disabled
[1203/101502.890:ERROR:entry_impl.cc(1075)] No file for 80000050
[1203/101502.890:ERROR:entry_impl.cc(1075)] No file for 8000004e
[1203/101502.890:ERROR:entry_impl.cc(1075)] No file for 8000003b
[1203/101502.891:ERROR:entry_impl.cc(1075)] No file for 80000044
[1203/101502.891:ERROR:entry_impl.cc(1075)] No file for 80000045
[1203/101502.891:ERROR:entry_impl.cc(1075)] No file for 80000049
[1203/101502.891:ERROR:entry_impl.cc(1075)] No file for 80000043
[1203/101502.891:ERROR:entry_impl.cc(1075)] No file for 80000048
[1203/101502.891:ERROR:entry_impl.cc(1075)] No file for 80000041
[1203/101502.891:ERROR:entry_impl.cc(1075)] No file for 80000046
[1203/101502.891:ERROR:entry_impl.cc(1075)] No file for 8000004c
[1203/101502.891:ERROR:entry_impl.cc(1075)] No file for 80000051
[1203/101502.891:ERROR:entry_impl.cc(1075)] No file for 8000004a
[1203/101502.891:ERROR:entry_impl.cc(1075)] No file for 8000004f
[1203/101502.891:ERROR:entry_impl.cc(1075)] No file for 80000040
[1203/101502.891:ERROR:entry_impl.cc(1075)] No file for 80000047
[1203/101502.891:ERROR:entry_impl.cc(1075)] No file for 80000052
[1203/101502.892:ERROR:entry_impl.cc(1075)] No file for 8000004b
[1203/101502.892:ERROR:entry_impl.cc(1075)] No file for 8000004d
[1203/101502.892:ERROR:entry_impl.cc(1075)] No file for 8000003f
[1203/101502.892:ERROR:entry_impl.cc(1075)] No file for 8000003c
[1203/101502.893:ERROR:entry_impl.cc(1075)] No file for 8000003d
[1203/101502.893:ERROR:entry_impl.cc(1075)] No file for 80000042
[1203/101502.894:ERROR:entry_impl.cc(1075)] No file for 8000003e
[1203/101502.894:ERROR:entry_impl.cc(1075)] No file for 80000053
[1203/101502.894:ERROR:entry_impl.cc(1075)] No file for 80000063
[1203/101502.894:ERROR:entry_impl.cc(1075)] No file for 80000059
[1203/101502.895:ERROR:entry_impl.cc(1075)] No file for 80000066
[1203/101502.895:ERROR:entry_impl.cc(1075)] No file for 80000064
[1203/101502.895:ERROR:entry_impl.cc(1075)] No file for 80000062
[1203/101502.895:ERROR:entry_impl.cc(1075)] No file for 8000005d
[1203/101502.895:ERROR:entry_impl.cc(1075)] No file for 80000055
[1203/101502.895:ERROR:entry_impl.cc(1075)] No file for 80000060
[1203/101502.896:ERROR:entry_impl.cc(1075)] No file for 8000005b
[1203/101502.896:ERROR:entry_impl.cc(1075)] No file for 8000005c
[1203/101502.896:ERROR:entry_impl.cc(1075)] No file for 8000005e
[1203/101502.896:ERROR:entry_impl.cc(1075)] No file for 80000061
[1203/101502.896:ERROR:entry_impl.cc(1075)] No file for 80000054
[1203/101502.896:ERROR:entry_impl.cc(1075)] No file for 80000058
[1203/101502.896:ERROR:entry_impl.cc(1075)] No file for 80000065
[1203/101502.897:ERROR:entry_impl.cc(1075)] No file for 8000005a
[1203/101502.897:ERROR:entry_impl.cc(1075)] No file for 8000005f
[1203/101502.897:ERROR:entry_impl.cc(1075)] No file for 80000057
[1203/101502.897:ERROR:entry_impl.cc(1075)] No file for 80000067
[1203/101502.897:ERROR:entry_impl.cc(1075)] No file for 80000056
[1203/101502.898:ERROR:entry_impl.cc(1075)] No file for 8000006e
[1203/101502.898:ERROR:entry_impl.cc(1075)] No file for 80000070
[1203/101502.898:ERROR:entry_impl.cc(1075)] No file for 8000006a
[1203/101502.898:ERROR:entry_impl.cc(1075)] No file for 8000006b
[1203/101502.898:ERROR:entry_impl.cc(1075)] No file for 8000006c
[1203/101502.898:ERROR:entry_impl.cc(1075)] No file for 80000069
[1203/101502.899:ERROR:entry_impl.cc(1075)] No file for 8000007a
[1203/101502.899:ERROR:entry_impl.cc(1075)] No file for 80000076
[1203/101502.899:ERROR:entry_impl.cc(1075)] No file for 80000068
[1203/101502.899:ERROR:entry_impl.cc(1075)] No file for 8000006d
[1203/101502.899:ERROR:entry_impl.cc(1075)] No file for 80000077
[1203/101502.899:ERROR:entry_impl.cc(1075)] No file for 80000073
[1203/101502.900:ERROR:entry_impl.cc(1075)] No file for 8000006f
[1203/101502.900:ERROR:entry_impl.cc(1075)] No file for 80000078
[1203/101502.900:ERROR:entry_impl.cc(1075)] No file for 80000072
[1203/101502.900:ERROR:entry_impl.cc(1075)] No file for 80000079
[1203/101502.900:ERROR:entry_impl.cc(1075)] No file for 80000075
[1203/101502.901:ERROR:entry_impl.cc(1075)] No file for 8000007f
[1203/101502.901:ERROR:entry_impl.cc(1075)] No file for 80000071
[1203/101502.901:ERROR:entry_impl.cc(1075)] No file for 80000074
[1203/101502.901:ERROR:entry_impl.cc(1075)] No file for 8000007b
[1203/101502.901:ERROR:entry_impl.cc(1075)] No file for 8000007d
[1203/101502.902:ERROR:entry_impl.cc(1075)] No file for 8000007c
[1203/101502.902:ERROR:entry_impl.cc(1075)] No file for 8000007e
[1203/101502.902:ERROR:entry_impl.cc(1075)] No file for 80000091
[1203/101502.902:ERROR:entry_impl.cc(1075)] No file for 80000086
[1203/101502.902:ERROR:entry_impl.cc(1075)] No file for 80000089
[1203/101502.902:ERROR:entry_impl.cc(1075)] No file for 80000088
[1203/101502.902:ERROR:entry_impl.cc(1075)] No file for 8000008c
[1203/101502.903:ERROR:entry_impl.cc(1075)] No file for 80000087
[1203/101502.903:ERROR:entry_impl.cc(1075)] No file for 8000008f
[1203/101502.903:ERROR:entry_impl.cc(1075)] No file for 80000080
[1203/101502.903:ERROR:entry_impl.cc(1075)] No file for 80000084
[1203/101502.903:ERROR:entry_impl.cc(1075)] No file for 80000081
[1203/101502.903:ERROR:entry_impl.cc(1075)] No file for 80000082
[1203/101502.903:ERROR:entry_impl.cc(1075)] No file for 8000008a
[1203/101502.903:ERROR:entry_impl.cc(1075)] No file for 80000085
[1203/101502.904:ERROR:entry_impl.cc(1075)] No file for 80000090
[1203/101502.904:ERROR:entry_impl.cc(1075)] No file for 80000083
[1203/101502.904:ERROR:entry_impl.cc(1075)] No file for 8000008b
[1203/101502.904:ERROR:entry_impl.cc(1075)] No file for 8000008d
[1203/101502.904:ERROR:entry_impl.cc(1075)] No file for 8000008e
[1203/101502.904:ERROR:entry_impl.cc(1075)] No file for 80000013
[1203/101502.904:ERROR:entry_impl.cc(1075)] No file for 8000001a
[1203/101503.023:ERROR:entry_impl.cc(1075)] No file for 80000021
[1203/101503.025:ERROR:entry_impl.cc(1075)] No file for 8000001e
[1203/101503.026:ERROR:entry_impl.cc(1075)] No file for 80000015
[1203/101503.026:ERROR:entry_impl.cc(1075)] No file for 8000001d
[1203/101503.026:ERROR:entry_impl.cc(1075)] No file for 80000014
[1203/101503.026:ERROR:entry_impl.cc(1075)] No file for 80000016
[1203/101503.026:ERROR:entry_impl.cc(1075)] No file for 80000020
[1203/101503.026:ERROR:entry_impl.cc(1075)] No file for 80000017
[1203/101503.027:ERROR:entry_impl.cc(1075)] No file for 8000001f
[1203/101503.027:ERROR:entry_impl.cc(1075)] No file for 8000001b
[1203/101503.027:ERROR:entry_impl.cc(1075)] No file for 80000019
[1203/101503.027:ERROR:entry_impl.cc(1075)] No file for 80000022
[1203/101503.027:ERROR:entry_impl.cc(1075)] No file for 8000001c
[1203/101503.027:ERROR:entry_impl.cc(1075)] No file for 80000018
[1203/101503.027:ERROR:entry_impl.cc(1075)] No file for 80000029
[1203/101503.028:ERROR:entry_impl.cc(1075)] No file for 80000024
[1203/101503.028:ERROR:entry_impl.cc(1075)] No file for 80000023
[1203/101503.028:ERROR:entry_impl.cc(1075)] No file for 80000025
[1203/101503.028:ERROR:entry_impl.cc(1075)] No file for 8000002d
[1203/101503.028:ERROR:entry_impl.cc(1075)] No file for 80000026
[1203/101503.028:ERROR:entry_impl.cc(1075)] No file for 80000031
[1203/101503.028:ERROR:entry_impl.cc(1075)] No file for 80000038
[1203/101503.029:ERROR:entry_impl.cc(1075)] No file for 80000034
[1203/101503.029:ERROR:entry_impl.cc(1075)] No file for 80000035
[1203/101503.029:ERROR:entry_impl.cc(1075)] No file for 8000002b
[1203/101503.029:ERROR:entry_impl.cc(1075)] No file for 80000033
[1203/101503.029:ERROR:entry_impl.cc(1075)] No file for 8000002a
[1203/101503.029:ERROR:entry_impl.cc(1075)] No file for 80000030
[1203/101503.030:ERROR:entry_impl.cc(1075)] No file for 80000032
[1203/101503.030:ERROR:entry_impl.cc(1075)] No file for 80000028
[1203/101503.030:ERROR:entry_impl.cc(1075)] No file for 8000002f
[1203/101503.030:ERROR:entry_impl.cc(1075)] No file for 80000036
[1203/101503.030:ERROR:entry_impl.cc(1075)] No file for 8000003a
[1203/101503.030:ERROR:entry_impl.cc(1075)] No file for 80000037
[1203/101503.030:ERROR:entry_impl.cc(1075)] No file for 8000002e
[1203/101503.030:ERROR:entry_impl.cc(1075)] No file for 80000027
[1203/101503.030:ERROR:entry_impl.cc(1075)] No file for 8000002c
[1203/101503.031:ERROR:entry_impl.cc(1075)] No file for 80000039
[1203/101608.935:ERROR:entry_impl.cc(1075)] No file for 80000093
[1203/101608.943:ERROR:entry_impl.cc(1075)] No file for 80000011
